<?xml version="1.0" encoding="UTF-8"?>
<!-- Generated by org.testng.reporters.JUnitReportReporter -->
<testsuite skipped="0" hostname="LAPTOP-9MBR2M9P" name="Script.excelreading" tests="1" failures="0" timestamp="2019-10-28T21:57:54 IST" time="0.871" errors="0">
  <testcase name="f" time="0.871" classname="Script.excelreading"/>
</testsuite> <!-- Script.excelreading -->
