<?xml version="1.0" encoding="UTF-8"?>
<!-- Generated by org.testng.reporters.JUnitReportReporter -->
<testsuite skipped="0" hostname="LAPTOP-9MBR2M9P" name="Script.NewTest" tests="1" failures="0" timestamp="2019-10-26T10:42:06 IST" time="90.811" errors="0">
  <testcase name="f" time="90.811" classname="Script.NewTest"/>
</testsuite> <!-- Script.NewTest -->
