<?xml version="1.0" encoding="UTF-8"?>
<!-- Generated by org.testng.reporters.JUnitReportReporter -->
<testsuite skipped="0" hostname="LAPTOP-9MBR2M9P" name="Script.TestOne" tests="1" failures="0" timestamp="2019-10-14T23:00:59 IST" time="31.713" errors="0">
  <testcase name="f" time="31.713" classname="Script.TestOne"/>
</testsuite> <!-- Script.TestOne -->
