<?xml version="1.0" encoding="UTF-8"?>
<!-- Generated by org.testng.reporters.JUnitReportReporter -->
<testsuite skipped="0" hostname="LAPTOP-9MBR2M9P" name="josh.NewTest1" tests="1" failures="0" timestamp="2019-10-08T12:43:34 IST" time="34.529" errors="0">
  <testcase name="f" time="34.529" classname="josh.NewTest1"/>
</testsuite> <!-- josh.NewTest1 -->
