<?xml version="1.0" encoding="UTF-8"?>
<!-- Generated by org.testng.reporters.JUnitReportReporter -->
<testsuite skipped="0" hostname="LAPTOP-9MBR2M9P" name="Script.TestItestcontext" tests="1" failures="0" timestamp="2019-10-28T13:16:26 IST" time="23.091" errors="0">
  <testcase name="f" time="23.091" classname="Script.TestItestcontext"/>
</testsuite> <!-- Script.TestItestcontext -->
